<?xml version="1.0" encoding="UTF-8"?>
<!-- Generated by org.testng.reporters.JUnitReportReporter -->
<testsuite hostname="DellSo" failures="0" tests="2" name="Tests.ProductsPageTest" time="5.196" errors="0" timestamp="2024-02-19T22:11:38 HNE" skipped="0">
  <testcase classname="Tests.ProductsPageTest" name="testAffichageNomsProduits" time="1.788"/>
  <testcase classname="Tests.ProductsPageTest" name="testAffichageNomsProduits" time="3.408"/>
</testsuite> <!-- Tests.ProductsPageTest -->
