<?xml version="1.0" encoding="UTF-8"?>
<!-- Generated by org.testng.reporters.JUnitReportReporter -->
<testsuite hostname="DellSo" failures="0" tests="4" name="Tests.LoginPageTest" time="14.126" errors="0" timestamp="2024-02-19T20:55:02 HNE" skipped="0">
  <testcase classname="Tests.LoginPageTest" name="testValidLogin" time="3.281"/>
  <testcase classname="Tests.LoginPageTest" name="testValidLogin" time="1.546"/>
  <testcase classname="Tests.LoginPageTest" name="testInValidLogin" time="5.828"/>
  <testcase classname="Tests.LoginPageTest" name="testInValidLogin" time="3.471"/>
</testsuite> <!-- Tests.LoginPageTest -->
