<?xml version="1.0" encoding="UTF-8"?>
<!-- Generated by org.testng.reporters.JUnitReportReporter -->
<testsuite hostname="DellSo" failures="0" tests="4" name="Tests.LoginPageTest" time="14.060" errors="0" timestamp="2024-02-19T22:11:38 HNE" skipped="0">
  <testcase classname="Tests.LoginPageTest" name="testValidLogin" time="3.378"/>
  <testcase classname="Tests.LoginPageTest" name="testValidLogin" time="1.603"/>
  <testcase classname="Tests.LoginPageTest" name="testInValidLogin" time="5.730"/>
  <testcase classname="Tests.LoginPageTest" name="testInValidLogin" time="3.349"/>
</testsuite> <!-- Tests.LoginPageTest -->
